<?xml version="1.0" encoding="UTF-8"?>
<!-- Generated by org.testng.reporters.JUnitXMLReporter -->
<testsuite hostname="SIPL151" ignored="0" name="Caterxpert Regression Test Cases" tests="7" failures="0" timestamp="17 Jul 2019 04:32:06 GMT" time="28.705" errors="0">
  <testcase name="validateLoginTest" time="2.643" classname="com.syena.cxp.testcases.LoginPageTest"/>
  <testcase name="validateHomeIcon" time="0.118" classname="com.syena.cxp.testcases.SuperadminPageTest"/>
  <testcase name="clickOnHomeIconTest" time="0.343" classname="com.syena.cxp.testcases.SuperadminPageTest"/>
  <testcase name="clickOnSalesLinktest" time="0.736" classname="com.syena.cxp.testcases.HomePageTest"/>
  <testcase name="clickOnNewEventLinkTest" time="0.485" classname="com.syena.cxp.testcases.SalesPageTest"/>
  <testcase name="createEventTest" time="11.417" classname="com.syena.cxp.testcases.NewEventTest"/>
  <testcase name="validateLogoutTest" time="5.923" classname="com.syena.cxp.testcases.LogOutTest"/>
</testsuite> <!-- Caterxpert Regression Test Cases -->
