<?xml version="1.0" encoding="UTF-8"?>
<!-- Generated by org.testng.reporters.JUnitXMLReporter -->
<testsuite hostname="SIPL151" ignored="0" name="Caterxpert Regression Test Cases" tests="7" failures="0" timestamp="17 Jul 2019 04:39:53 GMT" time="26.6" errors="0">
  <testcase name="validateLoginTest" time="1.908" classname="com.syena.cxp.testcases.LoginPageTest"/>
  <testcase name="validateHomeIcon" time="0.101" classname="com.syena.cxp.testcases.SuperadminPageTest"/>
  <testcase name="clickOnHomeIconTest" time="0.557" classname="com.syena.cxp.testcases.SuperadminPageTest"/>
  <testcase name="clickOnSalesLinktest" time="1.553" classname="com.syena.cxp.testcases.HomePageTest"/>
  <testcase name="clickOnNewEventLinkTest" time="0.539" classname="com.syena.cxp.testcases.SalesPageTest"/>
  <testcase name="createEventTest" time="11.783" classname="com.syena.cxp.testcases.NewEventTest"/>
  <testcase name="validateLogoutTest" time="3.534" classname="com.syena.cxp.testcases.LogOutTest"/>
</testsuite> <!-- Caterxpert Regression Test Cases -->
