<?xml version="1.0" encoding="UTF-8"?>
<testng-results skipped="0" failed="0" ignored="0" total="7" passed="7">
  <reporter-output>
  </reporter-output>
  <suite name="Caterxpert Test Automation Test Suite" duration-ms="26600" started-at="2019-07-17T04:39:26Z" finished-at="2019-07-17T04:39:53Z">
    <groups>
    </groups>
    <test name="Caterxpert Regression Test Cases" duration-ms="26600" started-at="2019-07-17T04:39:26Z" finished-at="2019-07-17T04:39:53Z">
      <class name="com.syena.cxp.testcases.LogOutTest">
        <test-method status="PASS" signature="setUp()[pri:0, instance:com.syena.cxp.testcases.LogOutTest@2cb4c3ab]" name="setUp" is-config="true" duration-ms="2" started-at="2019-07-17T04:39:48Z" finished-at="2019-07-17T04:39:48Z">
          <reporter-output>
          </reporter-output>
        </test-method> <!-- setUp -->
        <test-method status="PASS" signature="validateLogoutTest()[pri:7, instance:com.syena.cxp.testcases.LogOutTest@2cb4c3ab]" name="validateLogoutTest" duration-ms="3534" started-at="2019-07-17T04:39:48Z" finished-at="2019-07-17T04:39:52Z">
          <reporter-output>
          </reporter-output>
        </test-method> <!-- validateLogoutTest -->
      </class> <!-- com.syena.cxp.testcases.LogOutTest -->
      <class name="com.syena.cxp.testcases.HomePageTest">
        <test-method status="PASS" signature="setUp()[pri:0, instance:com.syena.cxp.testcases.HomePageTest@737996a0]" name="setUp" is-config="true" duration-ms="2" started-at="2019-07-17T04:39:34Z" finished-at="2019-07-17T04:39:34Z">
          <reporter-output>
          </reporter-output>
        </test-method> <!-- setUp -->
        <test-method status="PASS" signature="clickOnSalesLinktest()[pri:4, instance:com.syena.cxp.testcases.HomePageTest@737996a0]" name="clickOnSalesLinktest" duration-ms="1553" started-at="2019-07-17T04:39:34Z" finished-at="2019-07-17T04:39:36Z">
          <reporter-output>
          </reporter-output>
        </test-method> <!-- clickOnSalesLinktest -->
      </class> <!-- com.syena.cxp.testcases.HomePageTest -->
      <class name="com.syena.cxp.testcases.SalesPageTest">
        <test-method status="PASS" signature="setUp()[pri:0, instance:com.syena.cxp.testcases.SalesPageTest@61dc03ce]" name="setUp" is-config="true" duration-ms="2" started-at="2019-07-17T04:39:36Z" finished-at="2019-07-17T04:39:36Z">
          <reporter-output>
          </reporter-output>
        </test-method> <!-- setUp -->
        <test-method status="PASS" signature="clickOnNewEventLinkTest()[pri:5, instance:com.syena.cxp.testcases.SalesPageTest@61dc03ce]" name="clickOnNewEventLinkTest" duration-ms="539" started-at="2019-07-17T04:39:36Z" finished-at="2019-07-17T04:39:36Z">
          <reporter-output>
          </reporter-output>
        </test-method> <!-- clickOnNewEventLinkTest -->
      </class> <!-- com.syena.cxp.testcases.SalesPageTest -->
      <class name="com.syena.cxp.testcases.NewEventTest">
        <test-method status="PASS" signature="setUp()[pri:0, instance:com.syena.cxp.testcases.NewEventTest@50f8360d]" name="setUp" is-config="true" duration-ms="9" started-at="2019-07-17T04:39:36Z" finished-at="2019-07-17T04:39:36Z">
          <reporter-output>
          </reporter-output>
        </test-method> <!-- setUp -->
        <test-method status="PASS" signature="createEventTest(java.lang.String, java.lang.String, java.lang.String, java.lang.String, java.lang.String, java.lang.String, java.lang.String, java.lang.String, java.lang.String, java.lang.String)[pri:6, instance:com.syena.cxp.testcases.NewEventTest@50f8360d]" name="createEventTest" duration-ms="11783" started-at="2019-07-17T04:39:37Z" data-provider="getNewEventTestData" finished-at="2019-07-17T04:39:48Z">
          <params>
            <param index="0">
              <value>
                <![CDATA[02138 Magazine]]>
              </value>
            </param>
            <param index="1">
              <value>
                <![CDATA[Aiello , Andrea]]>
              </value>
            </param>
            <param index="2">
              <value>
                <![CDATA[07/17/2020]]>
              </value>
            </param>
            <param index="3">
              <value>
                <![CDATA[01:30]]>
              </value>
            </param>
            <param index="4">
              <value>
                <![CDATA[AM]]>
              </value>
            </param>
            <param index="5">
              <value>
                <![CDATA[04:30]]>
              </value>
            </param>
            <param index="6">
              <value>
                <![CDATA[PM]]>
              </value>
            </param>
            <param index="7">
              <value>
                <![CDATA[Cocktail Buffet]]>
              </value>
            </param>
            <param index="8">
              <value>
                <![CDATA[Definite]]>
              </value>
            </param>
            <param index="9">
              <value>
                <![CDATA[120.0]]>
              </value>
            </param>
          </params>
          <reporter-output>
          </reporter-output>
        </test-method> <!-- createEventTest -->
      </class> <!-- com.syena.cxp.testcases.NewEventTest -->
      <class name="com.syena.cxp.testcases.LoginPageTest">
        <test-method status="PASS" signature="setUp()[pri:0, instance:com.syena.cxp.testcases.LoginPageTest@9f70c54]" name="setUp" is-config="true" duration-ms="5575" started-at="2019-07-17T04:39:26Z" finished-at="2019-07-17T04:39:32Z">
          <reporter-output>
          </reporter-output>
        </test-method> <!-- setUp -->
        <test-method status="PASS" signature="validateLoginTest()[pri:1, instance:com.syena.cxp.testcases.LoginPageTest@9f70c54]" name="validateLoginTest" duration-ms="1908" started-at="2019-07-17T04:39:32Z" finished-at="2019-07-17T04:39:34Z">
          <reporter-output>
          </reporter-output>
        </test-method> <!-- validateLoginTest -->
        <test-method status="PASS" signature="quit()[pri:0, instance:com.syena.cxp.testcases.LoginPageTest@9f70c54]" name="quit" is-config="true" duration-ms="738" started-at="2019-07-17T04:39:52Z" finished-at="2019-07-17T04:39:53Z">
          <reporter-output>
          </reporter-output>
        </test-method> <!-- quit -->
      </class> <!-- com.syena.cxp.testcases.LoginPageTest -->
      <class name="com.syena.cxp.testcases.SuperadminPageTest">
        <test-method status="PASS" signature="validateHomeIcon()[pri:2, instance:com.syena.cxp.testcases.SuperadminPageTest@234bef66]" name="validateHomeIcon" duration-ms="101" started-at="2019-07-17T04:39:34Z" finished-at="2019-07-17T04:39:34Z">
          <reporter-output>
          </reporter-output>
        </test-method> <!-- validateHomeIcon -->
        <test-method status="PASS" signature="setup()[pri:0, instance:com.syena.cxp.testcases.SuperadminPageTest@234bef66]" name="setup" is-config="true" duration-ms="0" started-at="2019-07-17T04:39:34Z" finished-at="2019-07-17T04:39:34Z">
          <reporter-output>
          </reporter-output>
        </test-method> <!-- setup -->
        <test-method status="PASS" signature="clickOnHomeIconTest()[pri:3, instance:com.syena.cxp.testcases.SuperadminPageTest@234bef66]" name="clickOnHomeIconTest" duration-ms="557" started-at="2019-07-17T04:39:34Z" finished-at="2019-07-17T04:39:34Z">
          <reporter-output>
          </reporter-output>
        </test-method> <!-- clickOnHomeIconTest -->
      </class> <!-- com.syena.cxp.testcases.SuperadminPageTest -->
    </test> <!-- Caterxpert Regression Test Cases -->
  </suite> <!-- Caterxpert Test Automation Test Suite -->
</testng-results>
