<?xml version="1.0" encoding="UTF-8"?>
<testng-results skipped="0" failed="0" ignored="0" total="7" passed="7">
  <reporter-output>
  </reporter-output>
  <suite name="Caterxpert Test Automation Test Suite" duration-ms="28705" started-at="2019-07-17T04:31:37Z" finished-at="2019-07-17T04:32:06Z">
    <groups>
    </groups>
    <test name="Caterxpert Regression Test Cases" duration-ms="28705" started-at="2019-07-17T04:31:37Z" finished-at="2019-07-17T04:32:06Z">
      <class name="com.syena.cxp.testcases.LogOutTest">
        <test-method status="PASS" signature="setUp()[pri:0, instance:com.syena.cxp.testcases.LogOutTest@4667ae56]" name="setUp" is-config="true" duration-ms="2" started-at="2019-07-17T04:31:59Z" finished-at="2019-07-17T04:31:59Z">
          <reporter-output>
          </reporter-output>
        </test-method> <!-- setUp -->
        <test-method status="PASS" signature="validateLogoutTest()[pri:7, instance:com.syena.cxp.testcases.LogOutTest@4667ae56]" name="validateLogoutTest" duration-ms="5923" started-at="2019-07-17T04:31:59Z" finished-at="2019-07-17T04:32:05Z">
          <reporter-output>
          </reporter-output>
        </test-method> <!-- validateLogoutTest -->
      </class> <!-- com.syena.cxp.testcases.LogOutTest -->
      <class name="com.syena.cxp.testcases.HomePageTest">
        <test-method status="PASS" signature="setUp()[pri:0, instance:com.syena.cxp.testcases.HomePageTest@5442a311]" name="setUp" is-config="true" duration-ms="1" started-at="2019-07-17T04:31:46Z" finished-at="2019-07-17T04:31:46Z">
          <reporter-output>
          </reporter-output>
        </test-method> <!-- setUp -->
        <test-method status="PASS" signature="clickOnSalesLinktest()[pri:4, instance:com.syena.cxp.testcases.HomePageTest@5442a311]" name="clickOnSalesLinktest" duration-ms="736" started-at="2019-07-17T04:31:46Z" finished-at="2019-07-17T04:31:47Z">
          <reporter-output>
          </reporter-output>
        </test-method> <!-- clickOnSalesLinktest -->
      </class> <!-- com.syena.cxp.testcases.HomePageTest -->
      <class name="com.syena.cxp.testcases.SalesPageTest">
        <test-method status="PASS" signature="setUp()[pri:0, instance:com.syena.cxp.testcases.SalesPageTest@548e7350]" name="setUp" is-config="true" duration-ms="2" started-at="2019-07-17T04:31:47Z" finished-at="2019-07-17T04:31:47Z">
          <reporter-output>
          </reporter-output>
        </test-method> <!-- setUp -->
        <test-method status="PASS" signature="clickOnNewEventLinkTest()[pri:5, instance:com.syena.cxp.testcases.SalesPageTest@548e7350]" name="clickOnNewEventLinkTest" duration-ms="485" started-at="2019-07-17T04:31:47Z" finished-at="2019-07-17T04:31:47Z">
          <reporter-output>
          </reporter-output>
        </test-method> <!-- clickOnNewEventLinkTest -->
      </class> <!-- com.syena.cxp.testcases.SalesPageTest -->
      <class name="com.syena.cxp.testcases.NewEventTest">
        <test-method status="PASS" signature="setUp()[pri:0, instance:com.syena.cxp.testcases.NewEventTest@1a968a59]" name="setUp" is-config="true" duration-ms="8" started-at="2019-07-17T04:31:47Z" finished-at="2019-07-17T04:31:47Z">
          <reporter-output>
          </reporter-output>
        </test-method> <!-- setUp -->
        <test-method status="PASS" signature="createEventTest(java.lang.String, java.lang.String, java.lang.String, java.lang.String, java.lang.String, java.lang.String, java.lang.String, java.lang.String, java.lang.String, java.lang.String)[pri:6, instance:com.syena.cxp.testcases.NewEventTest@1a968a59]" name="createEventTest" duration-ms="11417" started-at="2019-07-17T04:31:47Z" data-provider="getNewEventTestData" finished-at="2019-07-17T04:31:59Z">
          <params>
            <param index="0">
              <value>
                <![CDATA[02138 Magazine]]>
              </value>
            </param>
            <param index="1">
              <value>
                <![CDATA[Aiello , Andrea]]>
              </value>
            </param>
            <param index="2">
              <value>
                <![CDATA[07/17/2020]]>
              </value>
            </param>
            <param index="3">
              <value>
                <![CDATA[01:30]]>
              </value>
            </param>
            <param index="4">
              <value>
                <![CDATA[AM]]>
              </value>
            </param>
            <param index="5">
              <value>
                <![CDATA[04:30]]>
              </value>
            </param>
            <param index="6">
              <value>
                <![CDATA[PM]]>
              </value>
            </param>
            <param index="7">
              <value>
                <![CDATA[Cocktail Buffet]]>
              </value>
            </param>
            <param index="8">
              <value>
                <![CDATA[Definite]]>
              </value>
            </param>
            <param index="9">
              <value>
                <![CDATA[120.0]]>
              </value>
            </param>
          </params>
          <reporter-output>
          </reporter-output>
        </test-method> <!-- createEventTest -->
      </class> <!-- com.syena.cxp.testcases.NewEventTest -->
      <class name="com.syena.cxp.testcases.LoginPageTest">
        <test-method status="PASS" signature="setUp()[pri:0, instance:com.syena.cxp.testcases.LoginPageTest@343f4d3d]" name="setUp" is-config="true" duration-ms="5728" started-at="2019-07-17T04:31:37Z" finished-at="2019-07-17T04:31:43Z">
          <reporter-output>
          </reporter-output>
        </test-method> <!-- setUp -->
        <test-method status="PASS" signature="validateLoginTest()[pri:1, instance:com.syena.cxp.testcases.LoginPageTest@343f4d3d]" name="validateLoginTest" duration-ms="2643" started-at="2019-07-17T04:31:43Z" finished-at="2019-07-17T04:31:45Z">
          <reporter-output>
          </reporter-output>
        </test-method> <!-- validateLoginTest -->
        <test-method status="PASS" signature="quit()[pri:0, instance:com.syena.cxp.testcases.LoginPageTest@343f4d3d]" name="quit" is-config="true" duration-ms="1062" started-at="2019-07-17T04:32:05Z" finished-at="2019-07-17T04:32:06Z">
          <reporter-output>
          </reporter-output>
        </test-method> <!-- quit -->
      </class> <!-- com.syena.cxp.testcases.LoginPageTest -->
      <class name="com.syena.cxp.testcases.SuperadminPageTest">
        <test-method status="PASS" signature="setup()[pri:0, instance:com.syena.cxp.testcases.SuperadminPageTest@53b32d7]" name="setup" is-config="true" duration-ms="2" started-at="2019-07-17T04:31:45Z" finished-at="2019-07-17T04:31:45Z">
          <reporter-output>
          </reporter-output>
        </test-method> <!-- setup -->
        <test-method status="PASS" signature="validateHomeIcon()[pri:2, instance:com.syena.cxp.testcases.SuperadminPageTest@53b32d7]" name="validateHomeIcon" duration-ms="118" started-at="2019-07-17T04:31:45Z" finished-at="2019-07-17T04:31:46Z">
          <reporter-output>
          </reporter-output>
        </test-method> <!-- validateHomeIcon -->
        <test-method status="PASS" signature="clickOnHomeIconTest()[pri:3, instance:com.syena.cxp.testcases.SuperadminPageTest@53b32d7]" name="clickOnHomeIconTest" duration-ms="343" started-at="2019-07-17T04:31:46Z" finished-at="2019-07-17T04:31:46Z">
          <reporter-output>
          </reporter-output>
        </test-method> <!-- clickOnHomeIconTest -->
      </class> <!-- com.syena.cxp.testcases.SuperadminPageTest -->
    </test> <!-- Caterxpert Regression Test Cases -->
  </suite> <!-- Caterxpert Test Automation Test Suite -->
</testng-results>
